[debug] [2021-02-17T13:53:19.054Z] ----------------------------------------------------------------------
[debug] [2021-02-17T13:53:19.056Z] Command:       C:\Program Files\nodejs\node.exe C:\Users\emirh\AppData\Roaming\npm\node_modules\firebase-tools\lib\bin\firebase.js emulators:start
[debug] [2021-02-17T13:53:19.056Z] CLI Version:   9.3.0
[debug] [2021-02-17T13:53:19.056Z] Platform:      win32
[debug] [2021-02-17T13:53:19.056Z] Node Version:  v10.15.3
[debug] [2021-02-17T13:53:19.057Z] Time:          Wed Feb 17 2021 14:53:19 GMT+0100 (Central European Standard Time)
[debug] [2021-02-17T13:53:19.057Z] ----------------------------------------------------------------------
[debug] [2021-02-17T13:53:19.057Z] 
[debug] [2021-02-17T13:53:19.065Z] > command requires scopes: ["email","openid","https://www.googleapis.com/auth/cloudplatformprojects.readonly","https://www.googleapis.com/auth/firebase","https://www.googleapis.com/auth/cloud-platform"]
[debug] [2021-02-17T13:53:19.066Z] > authorizing via signed-in user
[info] i  emulators: Starting emulators: functions, hosting {"metadata":{"emulator":{"name":"hub"},"message":"Starting emulators: functions, hosting"}}
[debug] [2021-02-17T13:53:21.126Z] [hub] writing locator at C:\Users\emirh\AppData\Local\Temp\hub-clone-dfdc9.json
[warn] !  functions: The following emulators are not running, calls to these services from the Functions emulator will affect production: auth, firestore, database, pubsub {"metadata":{"emulator":{"name":"functions"},"message":"The following emulators are not running, calls to these services from the Functions emulator will affect production: \u001b[1mauth, firestore, database, pubsub\u001b[22m"}}
[warn] !  Your requested "node" version "12" doesn't match your global version "10" {"metadata":{"emulator":{"name":"functions"},"message":"Your requested \"node\" version \"12\" doesn't match your global version \"10\""}}
[debug] [2021-02-17T13:53:23.188Z] defaultcredentials: writing to file C:\Users\emirh\AppData\Roaming\firebase\emirhaktan_gmail_com_application_default_credentials.json
[debug] [2021-02-17T13:53:23.189Z] Setting GAC to C:\Users\emirh\AppData\Roaming\firebase\emirhaktan_gmail_com_application_default_credentials.json {"metadata":{"emulator":{"name":"functions"},"message":"Setting GAC to C:\\Users\\emirh\\AppData\\Roaming\\firebase\\emirhaktan_gmail_com_application_default_credentials.json"}}
[debug] [2021-02-17T13:53:23.191Z] > refreshing access token with scopes: []
[debug] [2021-02-17T13:53:23.192Z] >>> HTTP REQUEST POST https://www.googleapis.com/oauth2/v3/token  
 <request body omitted>
[debug] [2021-02-17T13:53:23.320Z] <<< HTTP RESPONSE 200 {"expires":"Mon, 01 Jan 1990 00:00:00 GMT","date":"Wed, 17 Feb 2021 13:53:23 GMT","cache-control":"no-cache, no-store, max-age=0, must-revalidate","pragma":"no-cache","content-type":"application/json; charset=utf-8","vary":"X-Origin, Referer, Origin,Accept-Encoding","server":"scaffolding on HTTPServer2","x-xss-protection":"0","x-frame-options":"SAMEORIGIN","x-content-type-options":"nosniff","alt-svc":"h3-29=\":443\"; ma=2592000,h3-T051=\":443\"; ma=2592000,h3-Q050=\":443\"; ma=2592000,h3-Q046=\":443\"; ma=2592000,h3-Q043=\":443\"; ma=2592000,quic=\":443\"; ma=2592000; v=\"46,43\"","accept-ranges":"none","transfer-encoding":"chunked"}
[debug] [2021-02-17T13:53:23.332Z] >>> [apiv2][query] GET https://firebase.googleapis.com/v1beta1/projects/clone-dfdc9/adminSdkConfig [none]
[debug] [2021-02-17T13:53:23.756Z] <<< [apiv2][status] GET https://firebase.googleapis.com/v1beta1/projects/clone-dfdc9/adminSdkConfig 200
[debug] [2021-02-17T13:53:23.756Z] <<< [apiv2][body] GET https://firebase.googleapis.com/v1beta1/projects/clone-dfdc9/adminSdkConfig {"projectId":"clone-dfdc9","storageBucket":"clone-dfdc9.appspot.com"}
[debug] [2021-02-17T13:53:25.820Z] >>> [apiv2][query] GET https://firebase.googleapis.com/v1beta1/projects/clone-dfdc9/webApps/-/config [none]
[debug] [2021-02-17T13:53:26.364Z] [work-queue] {"queueLength":1,"workRunningCount":0}
[debug] [2021-02-17T13:53:26.364Z] [work-queue] {"queueLength":0,"workRunningCount":1}
[debug] [2021-02-17T13:53:26.365Z] [work-queue] {"queueLength":0,"workRunningCount":0}
[debug] [2021-02-17T13:53:26.731Z] <<< [apiv2][status] GET https://firebase.googleapis.com/v1beta1/projects/clone-dfdc9/webApps/-/config 200
[debug] [2021-02-17T13:53:26.732Z] <<< [apiv2][body] GET https://firebase.googleapis.com/v1beta1/projects/clone-dfdc9/webApps/-/config {"projectId":"clone-dfdc9","appId":"1:409323903934:web:62c6f4d426b15b11e037ef","storageBucket":"clone-dfdc9.appspot.com","apiKey":"AIzaSyB5YEhfkfaePqGBF6jeOGQI61xWTU3E6o0","authDomain":"clone-dfdc9.firebaseapp.com","messagingSenderId":"409323903934","measurementId":"G-QMSV8XC31R"}
[info] i  hosting: Serving hosting files from: build {"metadata":{"emulator":{"name":"hosting"},"message":"Serving hosting files from: \u001b[1mbuild\u001b[22m"}}
[info] +  hosting: Local server: http://localhost:5000 {"metadata":{"emulator":{"name":"hosting"},"message":"Local server: \u001b[4m\u001b[1mhttp://localhost:5000\u001b[22m\u001b[24m"}}
[debug] [2021-02-17T13:53:27.441Z] [work-queue] {"queueLength":1,"workRunningCount":0}
[debug] [2021-02-17T13:53:27.441Z] [work-queue] {"queueLength":0,"workRunningCount":1}
[debug] [2021-02-17T13:53:27.441Z] [work-queue] {"queueLength":0,"workRunningCount":0}
[debug] [2021-02-17T13:53:28.328Z] [work-queue] {"queueLength":1,"workRunningCount":0}
[debug] [2021-02-17T13:53:28.328Z] [work-queue] {"queueLength":0,"workRunningCount":1}
[debug] [2021-02-17T13:53:28.328Z] [work-queue] {"queueLength":0,"workRunningCount":0}
[warn] !  ui: Emulator UI unable to start on port 4000, starting on 4001 instead. {"metadata":{"emulator":{"name":"ui"},"message":"Emulator UI unable to start on port 4000, starting on 4001 instead."}}
[debug] [2021-02-17T13:53:28.830Z] Ignoring unsupported arg: auto_download {"metadata":{"emulator":{"name":"ui"},"message":"Ignoring unsupported arg: auto_download"}}
[debug] [2021-02-17T13:53:28.830Z] Ignoring unsupported arg: port {"metadata":{"emulator":{"name":"ui"},"message":"Ignoring unsupported arg: port"}}
[debug] [2021-02-17T13:53:28.830Z] Starting Emulator UI with command {"binary":"node","args":["C:\\Users\\emirh\\.cache\\firebase\\emulators\\ui-v1.4.1\\server.bundle.js"],"optionalArgs":[],"joinArgs":false} {"metadata":{"emulator":{"name":"ui"},"message":"Starting Emulator UI with command {\"binary\":\"node\",\"args\":[\"C:\\\\Users\\\\emirh\\\\.cache\\\\firebase\\\\emulators\\\\ui-v1.4.1\\\\server.bundle.js\"],\"optionalArgs\":[],\"joinArgs\":false}"}}
[info] i  ui: Emulator UI logging to ui-debug.log {"metadata":{"emulator":{"name":"ui"},"message":"Emulator UI logging to \u001b[1mui-debug.log\u001b[22m"}}
[debug] [2021-02-17T13:53:28.855Z] [work-queue] {"queueLength":1,"workRunningCount":0}
[debug] [2021-02-17T13:53:28.855Z] [work-queue] {"queueLength":0,"workRunningCount":1}
[debug] [2021-02-17T13:53:28.855Z] [work-queue] {"queueLength":0,"workRunningCount":0}
[debug] [2021-02-17T13:53:28.984Z] Web / API server started at http://localhost:4001
 {"metadata":{"emulator":{"name":"ui"},"message":"Web / API server started at http://localhost:4001\n"}}
[info] i  functions: Watching "C:\Users\emirh\Documents\Projects\AmazonClone\amazon-clone\functions" for Cloud Functions... {"metadata":{"emulator":{"name":"functions"},"message":"Watching \"C:\\Users\\emirh\\Documents\\Projects\\AmazonClone\\amazon-clone\\functions\" for Cloud Functions..."}}
[debug] [2021-02-17T13:53:29.361Z] [worker-pool] addWorker(~diagnostic~) {"metadata":{"emulator":{"name":"functions"},"message":"[worker-pool] addWorker(~diagnostic~)"}}
[debug] [2021-02-17T13:53:29.361Z] [worker-pool] Adding worker with key ~diagnostic~, total=1 {"metadata":{"emulator":{"name":"functions"},"message":"[worker-pool] Adding worker with key ~diagnostic~, total=1"}}
[debug] [2021-02-17T13:53:29.361Z] [worker-pool] submitWork(triggerId=) {"metadata":{"emulator":{"name":"functions"},"message":"[worker-pool] submitWork(triggerId=)"}}
[debug] [2021-02-17T13:53:29.361Z] [worker-~diagnostic~-4b30dcd4-4fa4-493d-9249-86154ac50fda]: Assigning socketPath: \\?\pipe\C:\Users\emirh\Documents\Projects\AmazonClone\amazon-clone\functions\448 {"metadata":{"emulator":{"name":"functions"},"message":"[worker-~diagnostic~-4b30dcd4-4fa4-493d-9249-86154ac50fda]: Assigning socketPath: \\\\?\\pipe\\C:\\Users\\emirh\\Documents\\Projects\\AmazonClone\\amazon-clone\\functions\\448"}}
[debug] [2021-02-17T13:53:29.362Z] [worker-~diagnostic~-4b30dcd4-4fa4-493d-9249-86154ac50fda]: BUSY {"metadata":{"emulator":{"name":"functions"},"message":"[worker-~diagnostic~-4b30dcd4-4fa4-493d-9249-86154ac50fda]: BUSY"}}
[debug] [2021-02-17T13:53:29.458Z] [work-queue] {"queueLength":1,"workRunningCount":0}
[debug] [2021-02-17T13:53:29.459Z] [work-queue] {"queueLength":0,"workRunningCount":1}
[debug] [2021-02-17T13:53:29.459Z] [work-queue] {"queueLength":0,"workRunningCount":0}
[debug] [2021-02-17T13:53:29.580Z] [runtime-status] [448] Functions runtime initialized. {"cwd":"C:\\Users\\emirh\\Documents\\Projects\\AmazonClone\\amazon-clone\\functions","node_version":"10.15.3"} {"metadata":{"emulator":{"name":"functions"},"message":"[runtime-status] [448] Functions runtime initialized. {\"cwd\":\"C:\\\\Users\\\\emirh\\\\Documents\\\\Projects\\\\AmazonClone\\\\amazon-clone\\\\functions\",\"node_version\":\"10.15.3\"}"}}
[debug] [2021-02-17T13:53:29.583Z] [runtime-status] [448] Disabled runtime features: undefined {"metadata":{"emulator":{"name":"functions"},"message":"[runtime-status] [448] Disabled runtime features: undefined"}}
[debug] [2021-02-17T13:53:29.587Z] [runtime-status] [448] Resolved module firebase-admin {"declared":true,"installed":true,"version":"9.5.0","resolution":"C:\\Users\\emirh\\Documents\\Projects\\AmazonClone\\amazon-clone\\functions\\node_modules\\firebase-admin\\lib\\index.js"} {"metadata":{"emulator":{"name":"functions"},"message":"[runtime-status] [448] Resolved module firebase-admin {\"declared\":true,\"installed\":true,\"version\":\"9.5.0\",\"resolution\":\"C:\\\\Users\\\\emirh\\\\Documents\\\\Projects\\\\AmazonClone\\\\amazon-clone\\\\functions\\\\node_modules\\\\firebase-admin\\\\lib\\\\index.js\"}"}}
[debug] [2021-02-17T13:53:29.588Z] [runtime-status] [448] Resolved module firebase-functions {"declared":true,"installed":true,"version":"3.13.1","resolution":"C:\\Users\\emirh\\Documents\\Projects\\AmazonClone\\amazon-clone\\functions\\node_modules\\firebase-functions\\lib\\index.js"} {"metadata":{"emulator":{"name":"functions"},"message":"[runtime-status] [448] Resolved module firebase-functions {\"declared\":true,\"installed\":true,\"version\":\"3.13.1\",\"resolution\":\"C:\\\\Users\\\\emirh\\\\Documents\\\\Projects\\\\AmazonClone\\\\amazon-clone\\\\functions\\\\node_modules\\\\firebase-functions\\\\lib\\\\index.js\"}"}}
[debug] [2021-02-17T13:53:29.589Z] [runtime-status] [448] Resolved module firebase-functions {"declared":true,"installed":true,"version":"3.13.1","resolution":"C:\\Users\\emirh\\Documents\\Projects\\AmazonClone\\amazon-clone\\functions\\node_modules\\firebase-functions\\lib\\index.js"} {"metadata":{"emulator":{"name":"functions"},"message":"[runtime-status] [448] Resolved module firebase-functions {\"declared\":true,\"installed\":true,\"version\":\"3.13.1\",\"resolution\":\"C:\\\\Users\\\\emirh\\\\Documents\\\\Projects\\\\AmazonClone\\\\amazon-clone\\\\functions\\\\node_modules\\\\firebase-functions\\\\lib\\\\index.js\"}"}}
[debug] [2021-02-17T13:53:29.592Z] [runtime-status] [448] Outgoing network have been stubbed. [{"name":"http","status":"mocked"},{"name":"http","status":"mocked"},{"name":"https","status":"mocked"},{"name":"https","status":"mocked"},{"name":"net","status":"mocked"}] {"metadata":{"emulator":{"name":"functions"},"message":"[runtime-status] [448] Outgoing network have been stubbed. [{\"name\":\"http\",\"status\":\"mocked\"},{\"name\":\"http\",\"status\":\"mocked\"},{\"name\":\"https\",\"status\":\"mocked\"},{\"name\":\"https\",\"status\":\"mocked\"},{\"name\":\"net\",\"status\":\"mocked\"}]"}}
[debug] [2021-02-17T13:53:29.592Z] [runtime-status] [448] Resolved module firebase-functions {"declared":true,"installed":true,"version":"3.13.1","resolution":"C:\\Users\\emirh\\Documents\\Projects\\AmazonClone\\amazon-clone\\functions\\node_modules\\firebase-functions\\lib\\index.js"} {"metadata":{"emulator":{"name":"functions"},"message":"[runtime-status] [448] Resolved module firebase-functions {\"declared\":true,\"installed\":true,\"version\":\"3.13.1\",\"resolution\":\"C:\\\\Users\\\\emirh\\\\Documents\\\\Projects\\\\AmazonClone\\\\amazon-clone\\\\functions\\\\node_modules\\\\firebase-functions\\\\lib\\\\index.js\"}"}}
[debug] [2021-02-17T13:53:29.638Z] [runtime-status] [448] Checked functions.config() {"config":{}} {"metadata":{"emulator":{"name":"functions"},"message":"[runtime-status] [448] Checked functions.config() {\"config\":{}}"}}
[debug] [2021-02-17T13:53:29.638Z] [runtime-status] [448] firebase-functions has been stubbed. {"functionsResolution":{"declared":true,"installed":true,"version":"3.13.1","resolution":"C:\\Users\\emirh\\Documents\\Projects\\AmazonClone\\amazon-clone\\functions\\node_modules\\firebase-functions\\lib\\index.js"}} {"metadata":{"emulator":{"name":"functions"},"message":"[runtime-status] [448] firebase-functions has been stubbed. {\"functionsResolution\":{\"declared\":true,\"installed\":true,\"version\":\"3.13.1\",\"resolution\":\"C:\\\\Users\\\\emirh\\\\Documents\\\\Projects\\\\AmazonClone\\\\amazon-clone\\\\functions\\\\node_modules\\\\firebase-functions\\\\lib\\\\index.js\"}}"}}
[debug] [2021-02-17T13:53:29.639Z] [runtime-status] [448] Resolved module firebase-functions {"declared":true,"installed":true,"version":"3.13.1","resolution":"C:\\Users\\emirh\\Documents\\Projects\\AmazonClone\\amazon-clone\\functions\\node_modules\\firebase-functions\\lib\\index.js"} {"metadata":{"emulator":{"name":"functions"},"message":"[runtime-status] [448] Resolved module firebase-functions {\"declared\":true,\"installed\":true,\"version\":\"3.13.1\",\"resolution\":\"C:\\\\Users\\\\emirh\\\\Documents\\\\Projects\\\\AmazonClone\\\\amazon-clone\\\\functions\\\\node_modules\\\\firebase-functions\\\\lib\\\\index.js\"}"}}
[debug] [2021-02-17T13:53:29.640Z] [runtime-status] [448] Resolved module firebase-admin {"declared":true,"installed":true,"version":"9.5.0","resolution":"C:\\Users\\emirh\\Documents\\Projects\\AmazonClone\\amazon-clone\\functions\\node_modules\\firebase-admin\\lib\\index.js"} {"metadata":{"emulator":{"name":"functions"},"message":"[runtime-status] [448] Resolved module firebase-admin {\"declared\":true,\"installed\":true,\"version\":\"9.5.0\",\"resolution\":\"C:\\\\Users\\\\emirh\\\\Documents\\\\Projects\\\\AmazonClone\\\\amazon-clone\\\\functions\\\\node_modules\\\\firebase-admin\\\\lib\\\\index.js\"}"}}
[debug] [2021-02-17T13:53:29.640Z] [runtime-status] [448] Resolved module firebase-functions {"declared":true,"installed":true,"version":"3.13.1","resolution":"C:\\Users\\emirh\\Documents\\Projects\\AmazonClone\\amazon-clone\\functions\\node_modules\\firebase-functions\\lib\\index.js"} {"metadata":{"emulator":{"name":"functions"},"message":"[runtime-status] [448] Resolved module firebase-functions {\"declared\":true,\"installed\":true,\"version\":\"3.13.1\",\"resolution\":\"C:\\\\Users\\\\emirh\\\\Documents\\\\Projects\\\\AmazonClone\\\\amazon-clone\\\\functions\\\\node_modules\\\\firebase-functions\\\\lib\\\\index.js\"}"}}
[debug] [2021-02-17T13:53:29.641Z] [runtime-status] [448] firebase-admin has been stubbed. {"adminResolution":{"declared":true,"installed":true,"version":"9.5.0","resolution":"C:\\Users\\emirh\\Documents\\Projects\\AmazonClone\\amazon-clone\\functions\\node_modules\\firebase-admin\\lib\\index.js"}} {"metadata":{"emulator":{"name":"functions"},"message":"[runtime-status] [448] firebase-admin has been stubbed. {\"adminResolution\":{\"declared\":true,\"installed\":true,\"version\":\"9.5.0\",\"resolution\":\"C:\\\\Users\\\\emirh\\\\Documents\\\\Projects\\\\AmazonClone\\\\amazon-clone\\\\functions\\\\node_modules\\\\firebase-admin\\\\lib\\\\index.js\"}}"}}
[info] +  functions[api]: http function initialized (http://localhost:5001/clone-dfdc9/us-central1/api). {"metadata":{"emulator":{"name":"functions"},"message":"\u001b[1mhttp\u001b[22m function initialized (http://localhost:5001/clone-dfdc9/us-central1/api)."}}
[info] 
â”Œâ”€â”€â”€â”€â”€â”€â”€â”€â”€â”€â”€â”€â”€â”€â”€â”€â”€â”€â”€â”€â”€â”€â”€â”€â”€â”€â”€â”€â”€â”€â”€â”€â”€â”€â”€â”€â”€â”€â”€â”€â”€â”€â”€â”€â”€â”€â”€â”€â”€â”€â”€â”€â”€â”€â”€â”€â”€â”€â”€â”€â”€â”
â”‚ âœ”  All emulators ready! It is now safe to connect your app. â”‚
â”‚ i  View Emulator UI at http://localhost:4001                â”‚
â””â”€â”€â”€â”€â”€â”€â”€â”€â”€â”€â”€â”€â”€â”€â”€â”€â”€â”€â”€â”€â”€â”€â”€â”€â”€â”€â”€â”€â”€â”€â”€â”€â”€â”€â”€â”€â”€â”€â”€â”€â”€â”€â”€â”€â”€â”€â”€â”€â”€â”€â”€â”€â”€â”€â”€â”€â”€â”€â”€â”€â”€â”˜

â”Œâ”€â”€â”€â”€â”€â”€â”€â”€â”€â”€â”€â”¬â”€â”€â”€â”€â”€â”€â”€â”€â”€â”€â”€â”€â”€â”€â”€â”€â”¬â”€â”€â”€â”€â”€â”€â”€â”€â”€â”€â”€â”€â”€â”€â”€â”€â”€â”€â”€â”€â”€â”€â”€â”€â”€â”€â”€â”€â”€â”€â”€â”€â”€â”
â”‚ Emulator  â”‚ Host:Port      â”‚ View in Emulator UI             â”‚
â”œâ”€â”€â”€â”€â”€â”€â”€â”€â”€â”€â”€â”¼â”€â”€â”€â”€â”€â”€â”€â”€â”€â”€â”€â”€â”€â”€â”€â”€â”¼â”€â”€â”€â”€â”€â”€â”€â”€â”€â”€â”€â”€â”€â”€â”€â”€â”€â”€â”€â”€â”€â”€â”€â”€â”€â”€â”€â”€â”€â”€â”€â”€â”€â”¤
â”‚ Functions â”‚ localhost:5001 â”‚ http://localhost:4001/functions â”‚
â”œâ”€â”€â”€â”€â”€â”€â”€â”€â”€â”€â”€â”¼â”€â”€â”€â”€â”€â”€â”€â”€â”€â”€â”€â”€â”€â”€â”€â”€â”¼â”€â”€â”€â”€â”€â”€â”€â”€â”€â”€â”€â”€â”€â”€â”€â”€â”€â”€â”€â”€â”€â”€â”€â”€â”€â”€â”€â”€â”€â”€â”€â”€â”€â”¤
â”‚ Hosting   â”‚ localhost:5000 â”‚ n/a                             â”‚
â””â”€â”€â”€â”€â”€â”€â”€â”€â”€â”€â”€â”´â”€â”€â”€â”€â”€â”€â”€â”€â”€â”€â”€â”€â”€â”€â”€â”€â”´â”€â”€â”€â”€â”€â”€â”€â”€â”€â”€â”€â”€â”€â”€â”€â”€â”€â”€â”€â”€â”€â”€â”€â”€â”€â”€â”€â”€â”€â”€â”€â”€â”€â”˜
  Emulator Hub running at localhost:4400
  Other reserved ports: 4500

Issues? Report them at https://github.com/firebase/firebase-tools/issues and attach the *-debug.log files.
 
[debug] [2021-02-17T13:53:29.809Z] [worker-~diagnostic~-4b30dcd4-4fa4-493d-9249-86154ac50fda]: IDLE {"metadata":{"emulator":{"name":"functions"},"message":"[worker-~diagnostic~-4b30dcd4-4fa4-493d-9249-86154ac50fda]: IDLE"}}
[debug] [2021-02-17T13:53:30.090Z] [work-queue] {"queueLength":1,"workRunningCount":0}
[debug] [2021-02-17T13:53:30.090Z] [work-queue] {"queueLength":0,"workRunningCount":1}
[debug] [2021-02-17T13:53:30.090Z] Accepted request GET /clone-dfdc9/us-central1/api --> api
[debug] [2021-02-17T13:53:30.093Z] [worker-pool] addWorker(api) {"metadata":{"emulator":{"name":"functions"},"message":"[worker-pool] addWorker(api)"}}
[debug] [2021-02-17T13:53:30.094Z] [worker-pool] Adding worker with key api, total=1 {"metadata":{"emulator":{"name":"functions"},"message":"[worker-pool] Adding worker with key api, total=1"}}
[debug] [2021-02-17T13:53:30.094Z] [worker-pool] submitWork(triggerId=api) {"metadata":{"emulator":{"name":"functions"},"message":"[worker-pool] submitWork(triggerId=api)"}}
[debug] [2021-02-17T13:53:30.094Z] [worker-api-7613da00-4887-4ecd-9836-3a6bddf8ff58]: Assigning socketPath: \\?\pipe\C:\Users\emirh\Documents\Projects\AmazonClone\amazon-clone\functions\2368 {"metadata":{"emulator":{"name":"functions"},"message":"[worker-api-7613da00-4887-4ecd-9836-3a6bddf8ff58]: Assigning socketPath: \\\\?\\pipe\\C:\\Users\\emirh\\Documents\\Projects\\AmazonClone\\amazon-clone\\functions\\2368"}}
[debug] [2021-02-17T13:53:30.094Z] [worker-api-7613da00-4887-4ecd-9836-3a6bddf8ff58]: BUSY {"metadata":{"emulator":{"name":"functions"},"message":"[worker-api-7613da00-4887-4ecd-9836-3a6bddf8ff58]: BUSY"}}
[debug] [2021-02-17T13:53:30.306Z] [runtime-status] [2368] Functions runtime initialized. {"cwd":"C:\\Users\\emirh\\Documents\\Projects\\AmazonClone\\amazon-clone\\functions","node_version":"10.15.3"} {"metadata":{"emulator":{"name":"functions"},"function":{"name":"api"},"message":"[runtime-status] [2368] Functions runtime initialized. {\"cwd\":\"C:\\\\Users\\\\emirh\\\\Documents\\\\Projects\\\\AmazonClone\\\\amazon-clone\\\\functions\",\"node_version\":\"10.15.3\"}"}}
[debug] [2021-02-17T13:53:30.308Z] [runtime-status] [2368] Disabled runtime features: undefined {"metadata":{"emulator":{"name":"functions"},"function":{"name":"api"},"message":"[runtime-status] [2368] Disabled runtime features: undefined"}}
[debug] [2021-02-17T13:53:30.311Z] [runtime-status] [2368] Resolved module firebase-admin {"declared":true,"installed":true,"version":"9.5.0","resolution":"C:\\Users\\emirh\\Documents\\Projects\\AmazonClone\\amazon-clone\\functions\\node_modules\\firebase-admin\\lib\\index.js"} {"metadata":{"emulator":{"name":"functions"},"function":{"name":"api"},"message":"[runtime-status] [2368] Resolved module firebase-admin {\"declared\":true,\"installed\":true,\"version\":\"9.5.0\",\"resolution\":\"C:\\\\Users\\\\emirh\\\\Documents\\\\Projects\\\\AmazonClone\\\\amazon-clone\\\\functions\\\\node_modules\\\\firebase-admin\\\\lib\\\\index.js\"}"}}
[debug] [2021-02-17T13:53:30.313Z] [runtime-status] [2368] Resolved module firebase-functions {"declared":true,"installed":true,"version":"3.13.1","resolution":"C:\\Users\\emirh\\Documents\\Projects\\AmazonClone\\amazon-clone\\functions\\node_modules\\firebase-functions\\lib\\index.js"} {"metadata":{"emulator":{"name":"functions"},"function":{"name":"api"},"message":"[runtime-status] [2368] Resolved module firebase-functions {\"declared\":true,\"installed\":true,\"version\":\"3.13.1\",\"resolution\":\"C:\\\\Users\\\\emirh\\\\Documents\\\\Projects\\\\AmazonClone\\\\amazon-clone\\\\functions\\\\node_modules\\\\firebase-functions\\\\lib\\\\index.js\"}"}}
[debug] [2021-02-17T13:53:30.313Z] [runtime-status] [2368] Resolved module firebase-functions {"declared":true,"installed":true,"version":"3.13.1","resolution":"C:\\Users\\emirh\\Documents\\Projects\\AmazonClone\\amazon-clone\\functions\\node_modules\\firebase-functions\\lib\\index.js"} {"metadata":{"emulator":{"name":"functions"},"function":{"name":"api"},"message":"[runtime-status] [2368] Resolved module firebase-functions {\"declared\":true,\"installed\":true,\"version\":\"3.13.1\",\"resolution\":\"C:\\\\Users\\\\emirh\\\\Documents\\\\Projects\\\\AmazonClone\\\\amazon-clone\\\\functions\\\\node_modules\\\\firebase-functions\\\\lib\\\\index.js\"}"}}
[debug] [2021-02-17T13:53:30.317Z] [runtime-status] [2368] Outgoing network have been stubbed. [{"name":"http","status":"mocked"},{"name":"http","status":"mocked"},{"name":"https","status":"mocked"},{"name":"https","status":"mocked"},{"name":"net","status":"mocked"}] {"metadata":{"emulator":{"name":"functions"},"function":{"name":"api"},"message":"[runtime-status] [2368] Outgoing network have been stubbed. [{\"name\":\"http\",\"status\":\"mocked\"},{\"name\":\"http\",\"status\":\"mocked\"},{\"name\":\"https\",\"status\":\"mocked\"},{\"name\":\"https\",\"status\":\"mocked\"},{\"name\":\"net\",\"status\":\"mocked\"}]"}}
[debug] [2021-02-17T13:53:30.317Z] [runtime-status] [2368] Resolved module firebase-functions {"declared":true,"installed":true,"version":"3.13.1","resolution":"C:\\Users\\emirh\\Documents\\Projects\\AmazonClone\\amazon-clone\\functions\\node_modules\\firebase-functions\\lib\\index.js"} {"metadata":{"emulator":{"name":"functions"},"function":{"name":"api"},"message":"[runtime-status] [2368] Resolved module firebase-functions {\"declared\":true,\"installed\":true,\"version\":\"3.13.1\",\"resolution\":\"C:\\\\Users\\\\emirh\\\\Documents\\\\Projects\\\\AmazonClone\\\\amazon-clone\\\\functions\\\\node_modules\\\\firebase-functions\\\\lib\\\\index.js\"}"}}
[debug] [2021-02-17T13:53:30.360Z] [runtime-status] [2368] Checked functions.config() {"config":{}} {"metadata":{"emulator":{"name":"functions"},"function":{"name":"api"},"message":"[runtime-status] [2368] Checked functions.config() {\"config\":{}}"}}
[debug] [2021-02-17T13:53:30.360Z] [runtime-status] [2368] firebase-functions has been stubbed. {"functionsResolution":{"declared":true,"installed":true,"version":"3.13.1","resolution":"C:\\Users\\emirh\\Documents\\Projects\\AmazonClone\\amazon-clone\\functions\\node_modules\\firebase-functions\\lib\\index.js"}} {"metadata":{"emulator":{"name":"functions"},"function":{"name":"api"},"message":"[runtime-status] [2368] firebase-functions has been stubbed. {\"functionsResolution\":{\"declared\":true,\"installed\":true,\"version\":\"3.13.1\",\"resolution\":\"C:\\\\Users\\\\emirh\\\\Documents\\\\Projects\\\\AmazonClone\\\\amazon-clone\\\\functions\\\\node_modules\\\\firebase-functions\\\\lib\\\\index.js\"}}"}}
[debug] [2021-02-17T13:53:30.360Z] [runtime-status] [2368] Resolved module firebase-functions {"declared":true,"installed":true,"version":"3.13.1","resolution":"C:\\Users\\emirh\\Documents\\Projects\\AmazonClone\\amazon-clone\\functions\\node_modules\\firebase-functions\\lib\\index.js"} {"metadata":{"emulator":{"name":"functions"},"function":{"name":"api"},"message":"[runtime-status] [2368] Resolved module firebase-functions {\"declared\":true,\"installed\":true,\"version\":\"3.13.1\",\"resolution\":\"C:\\\\Users\\\\emirh\\\\Documents\\\\Projects\\\\AmazonClone\\\\amazon-clone\\\\functions\\\\node_modules\\\\firebase-functions\\\\lib\\\\index.js\"}"}}
[debug] [2021-02-17T13:53:30.361Z] [runtime-status] [2368] Resolved module firebase-admin {"declared":true,"installed":true,"version":"9.5.0","resolution":"C:\\Users\\emirh\\Documents\\Projects\\AmazonClone\\amazon-clone\\functions\\node_modules\\firebase-admin\\lib\\index.js"} {"metadata":{"emulator":{"name":"functions"},"function":{"name":"api"},"message":"[runtime-status] [2368] Resolved module firebase-admin {\"declared\":true,\"installed\":true,\"version\":\"9.5.0\",\"resolution\":\"C:\\\\Users\\\\emirh\\\\Documents\\\\Projects\\\\AmazonClone\\\\amazon-clone\\\\functions\\\\node_modules\\\\firebase-admin\\\\lib\\\\index.js\"}"}}
[debug] [2021-02-17T13:53:30.362Z] [runtime-status] [2368] Resolved module firebase-functions {"declared":true,"installed":true,"version":"3.13.1","resolution":"C:\\Users\\emirh\\Documents\\Projects\\AmazonClone\\amazon-clone\\functions\\node_modules\\firebase-functions\\lib\\index.js"} {"metadata":{"emulator":{"name":"functions"},"function":{"name":"api"},"message":"[runtime-status] [2368] Resolved module firebase-functions {\"declared\":true,\"installed\":true,\"version\":\"3.13.1\",\"resolution\":\"C:\\\\Users\\\\emirh\\\\Documents\\\\Projects\\\\AmazonClone\\\\amazon-clone\\\\functions\\\\node_modules\\\\firebase-functions\\\\lib\\\\index.js\"}"}}
[debug] [2021-02-17T13:53:30.362Z] [runtime-status] [2368] firebase-admin has been stubbed. {"adminResolution":{"declared":true,"installed":true,"version":"9.5.0","resolution":"C:\\Users\\emirh\\Documents\\Projects\\AmazonClone\\amazon-clone\\functions\\node_modules\\firebase-admin\\lib\\index.js"}} {"metadata":{"emulator":{"name":"functions"},"function":{"name":"api"},"message":"[runtime-status] [2368] firebase-admin has been stubbed. {\"adminResolution\":{\"declared\":true,\"installed\":true,\"version\":\"9.5.0\",\"resolution\":\"C:\\\\Users\\\\emirh\\\\Documents\\\\Projects\\\\AmazonClone\\\\amazon-clone\\\\functions\\\\node_modules\\\\firebase-admin\\\\lib\\\\index.js\"}}"}}
[debug] [2021-02-17T13:53:30.494Z] [runtime-status] [2368] Trigger "api" has been found, beginning invocation! {"metadata":{"emulator":{"name":"functions"},"function":{"name":"api"},"message":"[runtime-status] [2368] Trigger \"api\" has been found, beginning invocation!"}}
[info] i  functions: Beginning execution of "api" {"metadata":{"emulator":{"name":"functions"},"function":{"name":"api"},"message":"Beginning execution of \"api\""}}
[debug] [2021-02-17T13:53:30.495Z] [runtime-status] [2368] triggerDefinition {"httpsTrigger":{},"name":"api","entryPoint":"api"} {"metadata":{"emulator":{"name":"functions"},"function":{"name":"api"},"message":"[runtime-status] [2368] triggerDefinition {\"httpsTrigger\":{},\"name\":\"api\",\"entryPoint\":\"api\"}"}}
[debug] [2021-02-17T13:53:30.495Z] [runtime-status] [2368] Running api in mode HTTPS {"metadata":{"emulator":{"name":"functions"},"function":{"name":"api"},"message":"[runtime-status] [2368] Running api in mode HTTPS"}}
[debug] [2021-02-17T13:53:30.498Z] [runtime-status] [2368] Attempting to listen to socketPath: \\?\pipe\C:\Users\emirh\Documents\Projects\AmazonClone\amazon-clone\functions\2368 {"metadata":{"emulator":{"name":"functions"},"function":{"name":"api"},"message":"[runtime-status] [2368] Attempting to listen to socketPath: \\\\?\\pipe\\C:\\Users\\emirh\\Documents\\Projects\\AmazonClone\\amazon-clone\\functions\\2368"}}
[debug] [2021-02-17T13:53:30.501Z] [functions] Runtime ready! Sending request! {"metadata":{"emulator":{"name":"functions"},"message":"[functions] Runtime ready! Sending request!"}}
[debug] [2021-02-17T13:53:30.503Z] [functions] Got req.url=/clone-dfdc9/us-central1/api, mapping to path=/ {"metadata":{"emulator":{"name":"functions"},"message":"[functions] Got req.url=/clone-dfdc9/us-central1/api, mapping to path=/"}}
[debug] [2021-02-17T13:53:30.509Z] [runtime-status] [2368] Ephemeral server handling GET request {"metadata":{"emulator":{"name":"functions"},"function":{"name":"api"},"message":"[runtime-status] [2368] Ephemeral server handling GET request"}}
[debug] [2021-02-17T13:53:30.515Z] [runtime-status] [2368] Ephemeral server survived. {"metadata":{"emulator":{"name":"functions"},"function":{"name":"api"},"message":"[runtime-status] [2368] Ephemeral server survived."}}
[info] i  functions: Finished "api" in ~1s {"metadata":{"emulator":{"name":"functions"},"function":{"name":"api"},"message":"Finished \"api\" in ~1s"}}
[debug] [2021-02-17T13:53:30.518Z] [worker-api-7613da00-4887-4ecd-9836-3a6bddf8ff58]: IDLE {"metadata":{"emulator":{"name":"functions"},"message":"[worker-api-7613da00-4887-4ecd-9836-3a6bddf8ff58]: IDLE"}}
[debug] [2021-02-17T13:53:30.518Z] [work-queue] {"queueLength":0,"workRunningCount":0}
[debug] [2021-02-17T13:53:35.884Z] [work-queue] {"queueLength":1,"workRunningCount":0}
[debug] [2021-02-17T13:53:35.885Z] [work-queue] {"queueLength":0,"workRunningCount":1}
[debug] [2021-02-17T13:53:35.885Z] Accepted request POST /clone-dfdc9/us-central1/api/payments/create?total=164492 --> api
[debug] [2021-02-17T13:53:35.885Z] [worker-pool] submitWork(triggerId=api) {"metadata":{"emulator":{"name":"functions"},"message":"[worker-pool] submitWork(triggerId=api)"}}
[debug] [2021-02-17T13:53:35.885Z] [worker-api-7613da00-4887-4ecd-9836-3a6bddf8ff58]: Assigning socketPath: \\?\pipe\C:\Users\emirh\Documents\Projects\AmazonClone\amazon-clone\functions\2368 {"metadata":{"emulator":{"name":"functions"},"message":"[worker-api-7613da00-4887-4ecd-9836-3a6bddf8ff58]: Assigning socketPath: \\\\?\\pipe\\C:\\Users\\emirh\\Documents\\Projects\\AmazonClone\\amazon-clone\\functions\\2368"}}
[debug] [2021-02-17T13:53:35.885Z] [worker-api-7613da00-4887-4ecd-9836-3a6bddf8ff58]: BUSY {"metadata":{"emulator":{"name":"functions"},"message":"[worker-api-7613da00-4887-4ecd-9836-3a6bddf8ff58]: BUSY"}}
[debug] [2021-02-17T13:53:35.885Z] [runtime-status] [2368] Trigger "api" has been found, beginning invocation! {"metadata":{"emulator":{"name":"functions"},"function":{"name":"api"},"message":"[runtime-status] [2368] Trigger \"api\" has been found, beginning invocation!"}}
[info] i  functions: Beginning execution of "api" {"metadata":{"emulator":{"name":"functions"},"function":{"name":"api"},"message":"Beginning execution of \"api\""}}
[debug] [2021-02-17T13:53:35.887Z] [runtime-status] [2368] triggerDefinition {"httpsTrigger":{},"name":"api","entryPoint":"api"} {"metadata":{"emulator":{"name":"functions"},"function":{"name":"api"},"message":"[runtime-status] [2368] triggerDefinition {\"httpsTrigger\":{},\"name\":\"api\",\"entryPoint\":\"api\"}"}}
[debug] [2021-02-17T13:53:35.887Z] [runtime-status] [2368] Running api in mode HTTPS {"metadata":{"emulator":{"name":"functions"},"function":{"name":"api"},"message":"[runtime-status] [2368] Running api in mode HTTPS"}}
[debug] [2021-02-17T13:53:35.887Z] [runtime-status] [2368] Attempting to listen to socketPath: \\?\pipe\C:\Users\emirh\Documents\Projects\AmazonClone\amazon-clone\functions\2368 {"metadata":{"emulator":{"name":"functions"},"function":{"name":"api"},"message":"[runtime-status] [2368] Attempting to listen to socketPath: \\\\?\\pipe\\C:\\Users\\emirh\\Documents\\Projects\\AmazonClone\\amazon-clone\\functions\\2368"}}
[debug] [2021-02-17T13:53:35.888Z] [functions] Runtime ready! Sending request! {"metadata":{"emulator":{"name":"functions"},"message":"[functions] Runtime ready! Sending request!"}}
[debug] [2021-02-17T13:53:35.888Z] [functions] Got req.url=/clone-dfdc9/us-central1/api/payments/create?total=164492, mapping to path=/payments/create?total=164492 {"metadata":{"emulator":{"name":"functions"},"message":"[functions] Got req.url=/clone-dfdc9/us-central1/api/payments/create?total=164492, mapping to path=/payments/create?total=164492"}}
[debug] [2021-02-17T13:53:35.891Z] [runtime-status] [2368] Ephemeral server handling POST request {"metadata":{"emulator":{"name":"functions"},"function":{"name":"api"},"message":"[runtime-status] [2368] Ephemeral server handling POST request"}}
[info] >  ðŸš€ ~ file: index.js ~ line 16 ~ app.post ~ total 164492 {"user":"ðŸš€ ~ file: index.js ~ line 16 ~ app.post ~ total 164492","metadata":{"emulator":{"name":"functions"},"function":{"name":"api"},"message":"\u001b[90m> \u001b[39m ðŸš€ ~ file: index.js ~ line 16 ~ app.post ~ total 164492"}}
[debug] [2021-02-17T13:53:35.898Z] [runtime-status] [2368] Ephemeral server survived. {"metadata":{"emulator":{"name":"functions"},"function":{"name":"api"},"message":"[runtime-status] [2368] Ephemeral server survived."}}
[info] i  functions: Finished "api" in ~1s {"metadata":{"emulator":{"name":"functions"},"function":{"name":"api"},"message":"Finished \"api\" in ~1s"}}
[debug] [2021-02-17T13:53:36.481Z] [worker-api-7613da00-4887-4ecd-9836-3a6bddf8ff58]: IDLE {"metadata":{"emulator":{"name":"functions"},"message":"[worker-api-7613da00-4887-4ecd-9836-3a6bddf8ff58]: IDLE"}}
[debug] [2021-02-17T13:53:36.481Z] [work-queue] {"queueLength":0,"workRunningCount":0}
[debug] [2021-02-17T13:53:39.517Z] [work-queue] {"queueLength":1,"workRunningCount":0}
[debug] [2021-02-17T13:53:39.517Z] [work-queue] {"queueLength":0,"workRunningCount":1}
[debug] [2021-02-17T13:53:39.517Z] Accepted request POST /clone-dfdc9/us-central1/api/payments/create?total=154593 --> api
[debug] [2021-02-17T13:53:39.517Z] [worker-pool] submitWork(triggerId=api) {"metadata":{"emulator":{"name":"functions"},"message":"[worker-pool] submitWork(triggerId=api)"}}
[debug] [2021-02-17T13:53:39.517Z] [worker-api-7613da00-4887-4ecd-9836-3a6bddf8ff58]: Assigning socketPath: \\?\pipe\C:\Users\emirh\Documents\Projects\AmazonClone\amazon-clone\functions\2368 {"metadata":{"emulator":{"name":"functions"},"message":"[worker-api-7613da00-4887-4ecd-9836-3a6bddf8ff58]: Assigning socketPath: \\\\?\\pipe\\C:\\Users\\emirh\\Documents\\Projects\\AmazonClone\\amazon-clone\\functions\\2368"}}
[debug] [2021-02-17T13:53:39.517Z] [worker-api-7613da00-4887-4ecd-9836-3a6bddf8ff58]: BUSY {"metadata":{"emulator":{"name":"functions"},"message":"[worker-api-7613da00-4887-4ecd-9836-3a6bddf8ff58]: BUSY"}}
[debug] [2021-02-17T13:53:39.518Z] [runtime-status] [2368] Trigger "api" has been found, beginning invocation! {"metadata":{"emulator":{"name":"functions"},"function":{"name":"api"},"message":"[runtime-status] [2368] Trigger \"api\" has been found, beginning invocation!"}}
[info] i  functions: Beginning execution of "api" {"metadata":{"emulator":{"name":"functions"},"function":{"name":"api"},"message":"Beginning execution of \"api\""}}
[debug] [2021-02-17T13:53:39.519Z] [runtime-status] [2368] triggerDefinition {"httpsTrigger":{},"name":"api","entryPoint":"api"} {"metadata":{"emulator":{"name":"functions"},"function":{"name":"api"},"message":"[runtime-status] [2368] triggerDefinition {\"httpsTrigger\":{},\"name\":\"api\",\"entryPoint\":\"api\"}"}}
[debug] [2021-02-17T13:53:39.520Z] [runtime-status] [2368] Running api in mode HTTPS {"metadata":{"emulator":{"name":"functions"},"function":{"name":"api"},"message":"[runtime-status] [2368] Running api in mode HTTPS"}}
[debug] [2021-02-17T13:53:39.520Z] [runtime-status] [2368] Attempting to listen to socketPath: \\?\pipe\C:\Users\emirh\Documents\Projects\AmazonClone\amazon-clone\functions\2368 {"metadata":{"emulator":{"name":"functions"},"function":{"name":"api"},"message":"[runtime-status] [2368] Attempting to listen to socketPath: \\\\?\\pipe\\C:\\Users\\emirh\\Documents\\Projects\\AmazonClone\\amazon-clone\\functions\\2368"}}
[debug] [2021-02-17T13:53:39.521Z] [functions] Runtime ready! Sending request! {"metadata":{"emulator":{"name":"functions"},"message":"[functions] Runtime ready! Sending request!"}}
[debug] [2021-02-17T13:53:39.521Z] [functions] Got req.url=/clone-dfdc9/us-central1/api/payments/create?total=154593, mapping to path=/payments/create?total=154593 {"metadata":{"emulator":{"name":"functions"},"message":"[functions] Got req.url=/clone-dfdc9/us-central1/api/payments/create?total=154593, mapping to path=/payments/create?total=154593"}}
[debug] [2021-02-17T13:53:39.524Z] [runtime-status] [2368] Ephemeral server handling POST request {"metadata":{"emulator":{"name":"functions"},"function":{"name":"api"},"message":"[runtime-status] [2368] Ephemeral server handling POST request"}}
[info] >  ðŸš€ ~ file: index.js ~ line 16 ~ app.post ~ total 154593 {"user":"ðŸš€ ~ file: index.js ~ line 16 ~ app.post ~ total 154593","metadata":{"emulator":{"name":"functions"},"function":{"name":"api"},"message":"\u001b[90m> \u001b[39m ðŸš€ ~ file: index.js ~ line 16 ~ app.post ~ total 154593"}}
[debug] [2021-02-17T13:53:39.529Z] [runtime-status] [2368] Ephemeral server survived. {"metadata":{"emulator":{"name":"functions"},"function":{"name":"api"},"message":"[runtime-status] [2368] Ephemeral server survived."}}
[info] i  functions: Finished "api" in ~1s {"metadata":{"emulator":{"name":"functions"},"function":{"name":"api"},"message":"Finished \"api\" in ~1s"}}
[debug] [2021-02-17T13:53:39.899Z] [worker-api-7613da00-4887-4ecd-9836-3a6bddf8ff58]: IDLE {"metadata":{"emulator":{"name":"functions"},"message":"[worker-api-7613da00-4887-4ecd-9836-3a6bddf8ff58]: IDLE"}}
[debug] [2021-02-17T13:53:39.899Z] [work-queue] {"queueLength":0,"workRunningCount":0}
[debug] [2021-02-17T13:53:42.952Z] [work-queue] {"queueLength":1,"workRunningCount":0}
[debug] [2021-02-17T13:53:42.952Z] [work-queue] {"queueLength":0,"workRunningCount":1}
[debug] [2021-02-17T13:53:42.952Z] Accepted request POST /clone-dfdc9/us-central1/api/payments/create?total=134594 --> api
[debug] [2021-02-17T13:53:42.952Z] [worker-pool] submitWork(triggerId=api) {"metadata":{"emulator":{"name":"functions"},"message":"[worker-pool] submitWork(triggerId=api)"}}
[debug] [2021-02-17T13:53:42.952Z] [worker-api-7613da00-4887-4ecd-9836-3a6bddf8ff58]: Assigning socketPath: \\?\pipe\C:\Users\emirh\Documents\Projects\AmazonClone\amazon-clone\functions\2368 {"metadata":{"emulator":{"name":"functions"},"message":"[worker-api-7613da00-4887-4ecd-9836-3a6bddf8ff58]: Assigning socketPath: \\\\?\\pipe\\C:\\Users\\emirh\\Documents\\Projects\\AmazonClone\\amazon-clone\\functions\\2368"}}
[debug] [2021-02-17T13:53:42.952Z] [worker-api-7613da00-4887-4ecd-9836-3a6bddf8ff58]: BUSY {"metadata":{"emulator":{"name":"functions"},"message":"[worker-api-7613da00-4887-4ecd-9836-3a6bddf8ff58]: BUSY"}}
[debug] [2021-02-17T13:53:42.953Z] [runtime-status] [2368] Trigger "api" has been found, beginning invocation! {"metadata":{"emulator":{"name":"functions"},"function":{"name":"api"},"message":"[runtime-status] [2368] Trigger \"api\" has been found, beginning invocation!"}}
[info] i  functions: Beginning execution of "api" {"metadata":{"emulator":{"name":"functions"},"function":{"name":"api"},"message":"Beginning execution of \"api\""}}
[debug] [2021-02-17T13:53:42.954Z] [runtime-status] [2368] triggerDefinition {"httpsTrigger":{},"name":"api","entryPoint":"api"} {"metadata":{"emulator":{"name":"functions"},"function":{"name":"api"},"message":"[runtime-status] [2368] triggerDefinition {\"httpsTrigger\":{},\"name\":\"api\",\"entryPoint\":\"api\"}"}}
[debug] [2021-02-17T13:53:42.954Z] [runtime-status] [2368] Running api in mode HTTPS {"metadata":{"emulator":{"name":"functions"},"function":{"name":"api"},"message":"[runtime-status] [2368] Running api in mode HTTPS"}}
[debug] [2021-02-17T13:53:42.954Z] [runtime-status] [2368] Attempting to listen to socketPath: \\?\pipe\C:\Users\emirh\Documents\Projects\AmazonClone\amazon-clone\functions\2368 {"metadata":{"emulator":{"name":"functions"},"function":{"name":"api"},"message":"[runtime-status] [2368] Attempting to listen to socketPath: \\\\?\\pipe\\C:\\Users\\emirh\\Documents\\Projects\\AmazonClone\\amazon-clone\\functions\\2368"}}
[debug] [2021-02-17T13:53:42.955Z] [functions] Runtime ready! Sending request! {"metadata":{"emulator":{"name":"functions"},"message":"[functions] Runtime ready! Sending request!"}}
[debug] [2021-02-17T13:53:42.955Z] [functions] Got req.url=/clone-dfdc9/us-central1/api/payments/create?total=134594, mapping to path=/payments/create?total=134594 {"metadata":{"emulator":{"name":"functions"},"message":"[functions] Got req.url=/clone-dfdc9/us-central1/api/payments/create?total=134594, mapping to path=/payments/create?total=134594"}}
[debug] [2021-02-17T13:53:42.958Z] [runtime-status] [2368] Ephemeral server handling POST request {"metadata":{"emulator":{"name":"functions"},"function":{"name":"api"},"message":"[runtime-status] [2368] Ephemeral server handling POST request"}}
[info] >  ðŸš€ ~ file: index.js ~ line 16 ~ app.post ~ total 134594 {"user":"ðŸš€ ~ file: index.js ~ line 16 ~ app.post ~ total 134594","metadata":{"emulator":{"name":"functions"},"function":{"name":"api"},"message":"\u001b[90m> \u001b[39m ðŸš€ ~ file: index.js ~ line 16 ~ app.post ~ total 134594"}}
[debug] [2021-02-17T13:53:42.962Z] [runtime-status] [2368] Ephemeral server survived. {"metadata":{"emulator":{"name":"functions"},"function":{"name":"api"},"message":"[runtime-status] [2368] Ephemeral server survived."}}
[info] i  functions: Finished "api" in ~1s {"metadata":{"emulator":{"name":"functions"},"function":{"name":"api"},"message":"Finished \"api\" in ~1s"}}
[debug] [2021-02-17T13:53:43.304Z] [worker-api-7613da00-4887-4ecd-9836-3a6bddf8ff58]: IDLE {"metadata":{"emulator":{"name":"functions"},"message":"[worker-api-7613da00-4887-4ecd-9836-3a6bddf8ff58]: IDLE"}}
[debug] [2021-02-17T13:53:43.304Z] [work-queue] {"queueLength":0,"workRunningCount":0}
[debug] [2021-02-17T13:53:48.820Z] [work-queue] {"queueLength":1,"workRunningCount":0}
[debug] [2021-02-17T13:53:48.820Z] [work-queue] {"queueLength":0,"workRunningCount":1}
[debug] [2021-02-17T13:53:48.820Z] Accepted request POST /clone-dfdc9/us-central1/api/payments/create?total=25096 --> api
[debug] [2021-02-17T13:53:48.820Z] [worker-pool] submitWork(triggerId=api) {"metadata":{"emulator":{"name":"functions"},"message":"[worker-pool] submitWork(triggerId=api)"}}
[debug] [2021-02-17T13:53:48.820Z] [worker-api-7613da00-4887-4ecd-9836-3a6bddf8ff58]: Assigning socketPath: \\?\pipe\C:\Users\emirh\Documents\Projects\AmazonClone\amazon-clone\functions\2368 {"metadata":{"emulator":{"name":"functions"},"message":"[worker-api-7613da00-4887-4ecd-9836-3a6bddf8ff58]: Assigning socketPath: \\\\?\\pipe\\C:\\Users\\emirh\\Documents\\Projects\\AmazonClone\\amazon-clone\\functions\\2368"}}
[debug] [2021-02-17T13:53:48.820Z] [worker-api-7613da00-4887-4ecd-9836-3a6bddf8ff58]: BUSY {"metadata":{"emulator":{"name":"functions"},"message":"[worker-api-7613da00-4887-4ecd-9836-3a6bddf8ff58]: BUSY"}}
[debug] [2021-02-17T13:53:48.821Z] [runtime-status] [2368] Trigger "api" has been found, beginning invocation! {"metadata":{"emulator":{"name":"functions"},"function":{"name":"api"},"message":"[runtime-status] [2368] Trigger \"api\" has been found, beginning invocation!"}}
[info] i  functions: Beginning execution of "api" {"metadata":{"emulator":{"name":"functions"},"function":{"name":"api"},"message":"Beginning execution of \"api\""}}
[debug] [2021-02-17T13:53:48.823Z] [runtime-status] [2368] triggerDefinition {"httpsTrigger":{},"name":"api","entryPoint":"api"} {"metadata":{"emulator":{"name":"functions"},"function":{"name":"api"},"message":"[runtime-status] [2368] triggerDefinition {\"httpsTrigger\":{},\"name\":\"api\",\"entryPoint\":\"api\"}"}}
[debug] [2021-02-17T13:53:48.823Z] [runtime-status] [2368] Running api in mode HTTPS {"metadata":{"emulator":{"name":"functions"},"function":{"name":"api"},"message":"[runtime-status] [2368] Running api in mode HTTPS"}}
[debug] [2021-02-17T13:53:48.823Z] [runtime-status] [2368] Attempting to listen to socketPath: \\?\pipe\C:\Users\emirh\Documents\Projects\AmazonClone\amazon-clone\functions\2368 {"metadata":{"emulator":{"name":"functions"},"function":{"name":"api"},"message":"[runtime-status] [2368] Attempting to listen to socketPath: \\\\?\\pipe\\C:\\Users\\emirh\\Documents\\Projects\\AmazonClone\\amazon-clone\\functions\\2368"}}
[debug] [2021-02-17T13:53:48.825Z] [functions] Runtime ready! Sending request! {"metadata":{"emulator":{"name":"functions"},"message":"[functions] Runtime ready! Sending request!"}}
[debug] [2021-02-17T13:53:48.825Z] [functions] Got req.url=/clone-dfdc9/us-central1/api/payments/create?total=25096, mapping to path=/payments/create?total=25096 {"metadata":{"emulator":{"name":"functions"},"message":"[functions] Got req.url=/clone-dfdc9/us-central1/api/payments/create?total=25096, mapping to path=/payments/create?total=25096"}}
[debug] [2021-02-17T13:53:48.827Z] [runtime-status] [2368] Ephemeral server handling POST request {"metadata":{"emulator":{"name":"functions"},"function":{"name":"api"},"message":"[runtime-status] [2368] Ephemeral server handling POST request"}}
[info] >  ðŸš€ ~ file: index.js ~ line 16 ~ app.post ~ total 25096 {"user":"ðŸš€ ~ file: index.js ~ line 16 ~ app.post ~ total 25096","metadata":{"emulator":{"name":"functions"},"function":{"name":"api"},"message":"\u001b[90m> \u001b[39m ðŸš€ ~ file: index.js ~ line 16 ~ app.post ~ total 25096"}}
[debug] [2021-02-17T13:53:48.831Z] [runtime-status] [2368] Ephemeral server survived. {"metadata":{"emulator":{"name":"functions"},"function":{"name":"api"},"message":"[runtime-status] [2368] Ephemeral server survived."}}
[info] i  functions: Finished "api" in ~1s {"metadata":{"emulator":{"name":"functions"},"function":{"name":"api"},"message":"Finished \"api\" in ~1s"}}
[debug] [2021-02-17T13:53:49.199Z] [worker-api-7613da00-4887-4ecd-9836-3a6bddf8ff58]: IDLE {"metadata":{"emulator":{"name":"functions"},"message":"[worker-api-7613da00-4887-4ecd-9836-3a6bddf8ff58]: IDLE"}}
[debug] [2021-02-17T13:53:49.199Z] [work-queue] {"queueLength":0,"workRunningCount":0}
[debug] [2021-02-17T13:54:43.366Z] File C:\Users\emirh\Documents\Projects\AmazonClone\amazon-clone\functions\index.js changed, reloading triggers {"metadata":{"emulator":{"name":"functions"},"message":"File C:\\Users\\emirh\\Documents\\Projects\\AmazonClone\\amazon-clone\\functions\\index.js changed, reloading triggers"}}
[debug] [2021-02-17T13:54:44.368Z] [worker-pool] Shutting down IDLE worker (~diagnostic~) {"metadata":{"emulator":{"name":"functions"},"message":"[worker-pool] Shutting down IDLE worker (~diagnostic~)"}}
[debug] [2021-02-17T13:54:44.368Z] [worker-~diagnostic~-4b30dcd4-4fa4-493d-9249-86154ac50fda]: FINISHING {"metadata":{"emulator":{"name":"functions"},"message":"[worker-~diagnostic~-4b30dcd4-4fa4-493d-9249-86154ac50fda]: FINISHING"}}
[debug] [2021-02-17T13:54:44.368Z] [worker-pool] Shutting down IDLE worker (api) {"metadata":{"emulator":{"name":"functions"},"message":"[worker-pool] Shutting down IDLE worker (api)"}}
[debug] [2021-02-17T13:54:44.369Z] [worker-api-7613da00-4887-4ecd-9836-3a6bddf8ff58]: FINISHING {"metadata":{"emulator":{"name":"functions"},"message":"[worker-api-7613da00-4887-4ecd-9836-3a6bddf8ff58]: FINISHING"}}
[debug] [2021-02-17T13:54:44.372Z] [worker-pool] addWorker(~diagnostic~) {"metadata":{"emulator":{"name":"functions"},"message":"[worker-pool] addWorker(~diagnostic~)"}}
[debug] [2021-02-17T13:54:44.372Z] [worker-pool] Adding worker with key ~diagnostic~, total=2 {"metadata":{"emulator":{"name":"functions"},"message":"[worker-pool] Adding worker with key ~diagnostic~, total=2"}}
[debug] [2021-02-17T13:54:44.372Z] [worker-pool] submitWork(triggerId=) {"metadata":{"emulator":{"name":"functions"},"message":"[worker-pool] submitWork(triggerId=)"}}
[debug] [2021-02-17T13:54:44.372Z] [worker-~diagnostic~-d03b2718-9323-4bd3-9323-983da51ea55e]: Assigning socketPath: \\?\pipe\C:\Users\emirh\Documents\Projects\AmazonClone\amazon-clone\functions\13804 {"metadata":{"emulator":{"name":"functions"},"message":"[worker-~diagnostic~-d03b2718-9323-4bd3-9323-983da51ea55e]: Assigning socketPath: \\\\?\\pipe\\C:\\Users\\emirh\\Documents\\Projects\\AmazonClone\\amazon-clone\\functions\\13804"}}
[debug] [2021-02-17T13:54:44.372Z] [worker-~diagnostic~-d03b2718-9323-4bd3-9323-983da51ea55e]: BUSY {"metadata":{"emulator":{"name":"functions"},"message":"[worker-~diagnostic~-d03b2718-9323-4bd3-9323-983da51ea55e]: BUSY"}}
[debug] [2021-02-17T13:54:44.373Z] [worker-~diagnostic~-4b30dcd4-4fa4-493d-9249-86154ac50fda]: exited {"metadata":{"emulator":{"name":"functions"},"message":"[worker-~diagnostic~-4b30dcd4-4fa4-493d-9249-86154ac50fda]: exited"}}
[debug] [2021-02-17T13:54:44.373Z] [worker-~diagnostic~-4b30dcd4-4fa4-493d-9249-86154ac50fda]: FINISHED {"metadata":{"emulator":{"name":"functions"},"message":"[worker-~diagnostic~-4b30dcd4-4fa4-493d-9249-86154ac50fda]: FINISHED"}}
[debug] [2021-02-17T13:54:44.373Z] [worker-api-7613da00-4887-4ecd-9836-3a6bddf8ff58]: exited {"metadata":{"emulator":{"name":"functions"},"message":"[worker-api-7613da00-4887-4ecd-9836-3a6bddf8ff58]: exited"}}
[debug] [2021-02-17T13:54:44.373Z] [worker-api-7613da00-4887-4ecd-9836-3a6bddf8ff58]: FINISHED {"metadata":{"emulator":{"name":"functions"},"message":"[worker-api-7613da00-4887-4ecd-9836-3a6bddf8ff58]: FINISHED"}}
[debug] [2021-02-17T13:54:44.628Z] [runtime-status] [13804] Functions runtime initialized. {"cwd":"C:\\Users\\emirh\\Documents\\Projects\\AmazonClone\\amazon-clone\\functions","node_version":"10.15.3"} {"metadata":{"emulator":{"name":"functions"},"message":"[runtime-status] [13804] Functions runtime initialized. {\"cwd\":\"C:\\\\Users\\\\emirh\\\\Documents\\\\Projects\\\\AmazonClone\\\\amazon-clone\\\\functions\",\"node_version\":\"10.15.3\"}"}}
[debug] [2021-02-17T13:54:44.630Z] [runtime-status] [13804] Disabled runtime features: undefined {"metadata":{"emulator":{"name":"functions"},"message":"[runtime-status] [13804] Disabled runtime features: undefined"}}
[debug] [2021-02-17T13:54:44.636Z] [runtime-status] [13804] Resolved module firebase-admin {"declared":true,"installed":true,"version":"9.5.0","resolution":"C:\\Users\\emirh\\Documents\\Projects\\AmazonClone\\amazon-clone\\functions\\node_modules\\firebase-admin\\lib\\index.js"} {"metadata":{"emulator":{"name":"functions"},"message":"[runtime-status] [13804] Resolved module firebase-admin {\"declared\":true,\"installed\":true,\"version\":\"9.5.0\",\"resolution\":\"C:\\\\Users\\\\emirh\\\\Documents\\\\Projects\\\\AmazonClone\\\\amazon-clone\\\\functions\\\\node_modules\\\\firebase-admin\\\\lib\\\\index.js\"}"}}
[debug] [2021-02-17T13:54:44.638Z] [runtime-status] [13804] Resolved module firebase-functions {"declared":true,"installed":true,"version":"3.13.1","resolution":"C:\\Users\\emirh\\Documents\\Projects\\AmazonClone\\amazon-clone\\functions\\node_modules\\firebase-functions\\lib\\index.js"} {"metadata":{"emulator":{"name":"functions"},"message":"[runtime-status] [13804] Resolved module firebase-functions {\"declared\":true,\"installed\":true,\"version\":\"3.13.1\",\"resolution\":\"C:\\\\Users\\\\emirh\\\\Documents\\\\Projects\\\\AmazonClone\\\\amazon-clone\\\\functions\\\\node_modules\\\\firebase-functions\\\\lib\\\\index.js\"}"}}
[debug] [2021-02-17T13:54:44.639Z] [runtime-status] [13804] Resolved module firebase-functions {"declared":true,"installed":true,"version":"3.13.1","resolution":"C:\\Users\\emirh\\Documents\\Projects\\AmazonClone\\amazon-clone\\functions\\node_modules\\firebase-functions\\lib\\index.js"} {"metadata":{"emulator":{"name":"functions"},"message":"[runtime-status] [13804] Resolved module firebase-functions {\"declared\":true,\"installed\":true,\"version\":\"3.13.1\",\"resolution\":\"C:\\\\Users\\\\emirh\\\\Documents\\\\Projects\\\\AmazonClone\\\\amazon-clone\\\\functions\\\\node_modules\\\\firebase-functions\\\\lib\\\\index.js\"}"}}
[debug] [2021-02-17T13:54:44.642Z] [runtime-status] [13804] Outgoing network have been stubbed. [{"name":"http","status":"mocked"},{"name":"http","status":"mocked"},{"name":"https","status":"mocked"},{"name":"https","status":"mocked"},{"name":"net","status":"mocked"}] {"metadata":{"emulator":{"name":"functions"},"message":"[runtime-status] [13804] Outgoing network have been stubbed. [{\"name\":\"http\",\"status\":\"mocked\"},{\"name\":\"http\",\"status\":\"mocked\"},{\"name\":\"https\",\"status\":\"mocked\"},{\"name\":\"https\",\"status\":\"mocked\"},{\"name\":\"net\",\"status\":\"mocked\"}]"}}
[debug] [2021-02-17T13:54:44.642Z] [runtime-status] [13804] Resolved module firebase-functions {"declared":true,"installed":true,"version":"3.13.1","resolution":"C:\\Users\\emirh\\Documents\\Projects\\AmazonClone\\amazon-clone\\functions\\node_modules\\firebase-functions\\lib\\index.js"} {"metadata":{"emulator":{"name":"functions"},"message":"[runtime-status] [13804] Resolved module firebase-functions {\"declared\":true,\"installed\":true,\"version\":\"3.13.1\",\"resolution\":\"C:\\\\Users\\\\emirh\\\\Documents\\\\Projects\\\\AmazonClone\\\\amazon-clone\\\\functions\\\\node_modules\\\\firebase-functions\\\\lib\\\\index.js\"}"}}
[debug] [2021-02-17T13:54:44.692Z] [runtime-status] [13804] Checked functions.config() {"config":{}} {"metadata":{"emulator":{"name":"functions"},"message":"[runtime-status] [13804] Checked functions.config() {\"config\":{}}"}}
[debug] [2021-02-17T13:54:44.692Z] [runtime-status] [13804] firebase-functions has been stubbed. {"functionsResolution":{"declared":true,"installed":true,"version":"3.13.1","resolution":"C:\\Users\\emirh\\Documents\\Projects\\AmazonClone\\amazon-clone\\functions\\node_modules\\firebase-functions\\lib\\index.js"}} {"metadata":{"emulator":{"name":"functions"},"message":"[runtime-status] [13804] firebase-functions has been stubbed. {\"functionsResolution\":{\"declared\":true,\"installed\":true,\"version\":\"3.13.1\",\"resolution\":\"C:\\\\Users\\\\emirh\\\\Documents\\\\Projects\\\\AmazonClone\\\\amazon-clone\\\\functions\\\\node_modules\\\\firebase-functions\\\\lib\\\\index.js\"}}"}}
[debug] [2021-02-17T13:54:44.693Z] [runtime-status] [13804] Resolved module firebase-functions {"declared":true,"installed":true,"version":"3.13.1","resolution":"C:\\Users\\emirh\\Documents\\Projects\\AmazonClone\\amazon-clone\\functions\\node_modules\\firebase-functions\\lib\\index.js"} {"metadata":{"emulator":{"name":"functions"},"message":"[runtime-status] [13804] Resolved module firebase-functions {\"declared\":true,\"installed\":true,\"version\":\"3.13.1\",\"resolution\":\"C:\\\\Users\\\\emirh\\\\Documents\\\\Projects\\\\AmazonClone\\\\amazon-clone\\\\functions\\\\node_modules\\\\firebase-functions\\\\lib\\\\index.js\"}"}}
[debug] [2021-02-17T13:54:44.693Z] [runtime-status] [13804] Resolved module firebase-admin {"declared":true,"installed":true,"version":"9.5.0","resolution":"C:\\Users\\emirh\\Documents\\Projects\\AmazonClone\\amazon-clone\\functions\\node_modules\\firebase-admin\\lib\\index.js"} {"metadata":{"emulator":{"name":"functions"},"message":"[runtime-status] [13804] Resolved module firebase-admin {\"declared\":true,\"installed\":true,\"version\":\"9.5.0\",\"resolution\":\"C:\\\\Users\\\\emirh\\\\Documents\\\\Projects\\\\AmazonClone\\\\amazon-clone\\\\functions\\\\node_modules\\\\firebase-admin\\\\lib\\\\index.js\"}"}}
[debug] [2021-02-17T13:54:44.694Z] [runtime-status] [13804] Resolved module firebase-functions {"declared":true,"installed":true,"version":"3.13.1","resolution":"C:\\Users\\emirh\\Documents\\Projects\\AmazonClone\\amazon-clone\\functions\\node_modules\\firebase-functions\\lib\\index.js"} {"metadata":{"emulator":{"name":"functions"},"message":"[runtime-status] [13804] Resolved module firebase-functions {\"declared\":true,\"installed\":true,\"version\":\"3.13.1\",\"resolution\":\"C:\\\\Users\\\\emirh\\\\Documents\\\\Projects\\\\AmazonClone\\\\amazon-clone\\\\functions\\\\node_modules\\\\firebase-functions\\\\lib\\\\index.js\"}"}}
[debug] [2021-02-17T13:54:44.694Z] [runtime-status] [13804] firebase-admin has been stubbed. {"adminResolution":{"declared":true,"installed":true,"version":"9.5.0","resolution":"C:\\Users\\emirh\\Documents\\Projects\\AmazonClone\\amazon-clone\\functions\\node_modules\\firebase-admin\\lib\\index.js"}} {"metadata":{"emulator":{"name":"functions"},"message":"[runtime-status] [13804] firebase-admin has been stubbed. {\"adminResolution\":{\"declared\":true,\"installed\":true,\"version\":\"9.5.0\",\"resolution\":\"C:\\\\Users\\\\emirh\\\\Documents\\\\Projects\\\\AmazonClone\\\\amazon-clone\\\\functions\\\\node_modules\\\\firebase-admin\\\\lib\\\\index.js\"}}"}}
[debug] [2021-02-17T13:54:44.830Z] [worker-~diagnostic~-d03b2718-9323-4bd3-9323-983da51ea55e]: IDLE {"metadata":{"emulator":{"name":"functions"},"message":"[worker-~diagnostic~-d03b2718-9323-4bd3-9323-983da51ea55e]: IDLE"}}
[debug] [2021-02-17T13:56:51.186Z] [work-queue] {"queueLength":1,"workRunningCount":0}
[debug] [2021-02-17T13:56:51.187Z] [work-queue] {"queueLength":0,"workRunningCount":1}
[debug] [2021-02-17T13:56:51.187Z] Accepted request POST /clone-dfdc9/us-central1/api/payments/create?total=25096 --> api
[debug] [2021-02-17T13:56:51.187Z] [worker-pool] Cleaned up workers for ~diagnostic~: 2 --> 1 {"metadata":{"emulator":{"name":"functions"},"message":"[worker-pool] Cleaned up workers for ~diagnostic~: 2 --> 1"}}
[debug] [2021-02-17T13:56:51.187Z] [worker-pool] Cleaned up workers for api: 1 --> 0 {"metadata":{"emulator":{"name":"functions"},"message":"[worker-pool] Cleaned up workers for api: 1 --> 0"}}
[debug] [2021-02-17T13:56:51.190Z] [worker-pool] addWorker(api) {"metadata":{"emulator":{"name":"functions"},"message":"[worker-pool] addWorker(api)"}}
[debug] [2021-02-17T13:56:51.190Z] [worker-pool] Adding worker with key api, total=1 {"metadata":{"emulator":{"name":"functions"},"message":"[worker-pool] Adding worker with key api, total=1"}}
[debug] [2021-02-17T13:56:51.190Z] [worker-pool] submitWork(triggerId=api) {"metadata":{"emulator":{"name":"functions"},"message":"[worker-pool] submitWork(triggerId=api)"}}
[debug] [2021-02-17T13:56:51.190Z] [worker-api-2c9a5328-c416-40ee-9eab-36b712c6e851]: Assigning socketPath: \\?\pipe\C:\Users\emirh\Documents\Projects\AmazonClone\amazon-clone\functions\18548 {"metadata":{"emulator":{"name":"functions"},"message":"[worker-api-2c9a5328-c416-40ee-9eab-36b712c6e851]: Assigning socketPath: \\\\?\\pipe\\C:\\Users\\emirh\\Documents\\Projects\\AmazonClone\\amazon-clone\\functions\\18548"}}
[debug] [2021-02-17T13:56:51.190Z] [worker-api-2c9a5328-c416-40ee-9eab-36b712c6e851]: BUSY {"metadata":{"emulator":{"name":"functions"},"message":"[worker-api-2c9a5328-c416-40ee-9eab-36b712c6e851]: BUSY"}}
[debug] [2021-02-17T13:56:51.400Z] [runtime-status] [18548] Functions runtime initialized. {"cwd":"C:\\Users\\emirh\\Documents\\Projects\\AmazonClone\\amazon-clone\\functions","node_version":"10.15.3"} {"metadata":{"emulator":{"name":"functions"},"function":{"name":"api"},"message":"[runtime-status] [18548] Functions runtime initialized. {\"cwd\":\"C:\\\\Users\\\\emirh\\\\Documents\\\\Projects\\\\AmazonClone\\\\amazon-clone\\\\functions\",\"node_version\":\"10.15.3\"}"}}
[debug] [2021-02-17T13:56:51.402Z] [runtime-status] [18548] Disabled runtime features: undefined {"metadata":{"emulator":{"name":"functions"},"function":{"name":"api"},"message":"[runtime-status] [18548] Disabled runtime features: undefined"}}
[debug] [2021-02-17T13:56:51.406Z] [runtime-status] [18548] Resolved module firebase-admin {"declared":true,"installed":true,"version":"9.5.0","resolution":"C:\\Users\\emirh\\Documents\\Projects\\AmazonClone\\amazon-clone\\functions\\node_modules\\firebase-admin\\lib\\index.js"} {"metadata":{"emulator":{"name":"functions"},"function":{"name":"api"},"message":"[runtime-status] [18548] Resolved module firebase-admin {\"declared\":true,\"installed\":true,\"version\":\"9.5.0\",\"resolution\":\"C:\\\\Users\\\\emirh\\\\Documents\\\\Projects\\\\AmazonClone\\\\amazon-clone\\\\functions\\\\node_modules\\\\firebase-admin\\\\lib\\\\index.js\"}"}}
[debug] [2021-02-17T13:56:51.407Z] [runtime-status] [18548] Resolved module firebase-functions {"declared":true,"installed":true,"version":"3.13.1","resolution":"C:\\Users\\emirh\\Documents\\Projects\\AmazonClone\\amazon-clone\\functions\\node_modules\\firebase-functions\\lib\\index.js"} {"metadata":{"emulator":{"name":"functions"},"function":{"name":"api"},"message":"[runtime-status] [18548] Resolved module firebase-functions {\"declared\":true,\"installed\":true,\"version\":\"3.13.1\",\"resolution\":\"C:\\\\Users\\\\emirh\\\\Documents\\\\Projects\\\\AmazonClone\\\\amazon-clone\\\\functions\\\\node_modules\\\\firebase-functions\\\\lib\\\\index.js\"}"}}
[debug] [2021-02-17T13:56:51.408Z] [runtime-status] [18548] Resolved module firebase-functions {"declared":true,"installed":true,"version":"3.13.1","resolution":"C:\\Users\\emirh\\Documents\\Projects\\AmazonClone\\amazon-clone\\functions\\node_modules\\firebase-functions\\lib\\index.js"} {"metadata":{"emulator":{"name":"functions"},"function":{"name":"api"},"message":"[runtime-status] [18548] Resolved module firebase-functions {\"declared\":true,\"installed\":true,\"version\":\"3.13.1\",\"resolution\":\"C:\\\\Users\\\\emirh\\\\Documents\\\\Projects\\\\AmazonClone\\\\amazon-clone\\\\functions\\\\node_modules\\\\firebase-functions\\\\lib\\\\index.js\"}"}}
[debug] [2021-02-17T13:56:51.411Z] [runtime-status] [18548] Outgoing network have been stubbed. [{"name":"http","status":"mocked"},{"name":"http","status":"mocked"},{"name":"https","status":"mocked"},{"name":"https","status":"mocked"},{"name":"net","status":"mocked"}] {"metadata":{"emulator":{"name":"functions"},"function":{"name":"api"},"message":"[runtime-status] [18548] Outgoing network have been stubbed. [{\"name\":\"http\",\"status\":\"mocked\"},{\"name\":\"http\",\"status\":\"mocked\"},{\"name\":\"https\",\"status\":\"mocked\"},{\"name\":\"https\",\"status\":\"mocked\"},{\"name\":\"net\",\"status\":\"mocked\"}]"}}
[debug] [2021-02-17T13:56:51.411Z] [runtime-status] [18548] Resolved module firebase-functions {"declared":true,"installed":true,"version":"3.13.1","resolution":"C:\\Users\\emirh\\Documents\\Projects\\AmazonClone\\amazon-clone\\functions\\node_modules\\firebase-functions\\lib\\index.js"} {"metadata":{"emulator":{"name":"functions"},"function":{"name":"api"},"message":"[runtime-status] [18548] Resolved module firebase-functions {\"declared\":true,\"installed\":true,\"version\":\"3.13.1\",\"resolution\":\"C:\\\\Users\\\\emirh\\\\Documents\\\\Projects\\\\AmazonClone\\\\amazon-clone\\\\functions\\\\node_modules\\\\firebase-functions\\\\lib\\\\index.js\"}"}}
[debug] [2021-02-17T13:56:51.454Z] [runtime-status] [18548] Checked functions.config() {"config":{}} {"metadata":{"emulator":{"name":"functions"},"function":{"name":"api"},"message":"[runtime-status] [18548] Checked functions.config() {\"config\":{}}"}}
[debug] [2021-02-17T13:56:51.454Z] [runtime-status] [18548] firebase-functions has been stubbed. {"functionsResolution":{"declared":true,"installed":true,"version":"3.13.1","resolution":"C:\\Users\\emirh\\Documents\\Projects\\AmazonClone\\amazon-clone\\functions\\node_modules\\firebase-functions\\lib\\index.js"}} {"metadata":{"emulator":{"name":"functions"},"function":{"name":"api"},"message":"[runtime-status] [18548] firebase-functions has been stubbed. {\"functionsResolution\":{\"declared\":true,\"installed\":true,\"version\":\"3.13.1\",\"resolution\":\"C:\\\\Users\\\\emirh\\\\Documents\\\\Projects\\\\AmazonClone\\\\amazon-clone\\\\functions\\\\node_modules\\\\firebase-functions\\\\lib\\\\index.js\"}}"}}
[debug] [2021-02-17T13:56:51.455Z] [runtime-status] [18548] Resolved module firebase-functions {"declared":true,"installed":true,"version":"3.13.1","resolution":"C:\\Users\\emirh\\Documents\\Projects\\AmazonClone\\amazon-clone\\functions\\node_modules\\firebase-functions\\lib\\index.js"} {"metadata":{"emulator":{"name":"functions"},"function":{"name":"api"},"message":"[runtime-status] [18548] Resolved module firebase-functions {\"declared\":true,\"installed\":true,\"version\":\"3.13.1\",\"resolution\":\"C:\\\\Users\\\\emirh\\\\Documents\\\\Projects\\\\AmazonClone\\\\amazon-clone\\\\functions\\\\node_modules\\\\firebase-functions\\\\lib\\\\index.js\"}"}}
[debug] [2021-02-17T13:56:51.456Z] [runtime-status] [18548] Resolved module firebase-admin {"declared":true,"installed":true,"version":"9.5.0","resolution":"C:\\Users\\emirh\\Documents\\Projects\\AmazonClone\\amazon-clone\\functions\\node_modules\\firebase-admin\\lib\\index.js"} {"metadata":{"emulator":{"name":"functions"},"function":{"name":"api"},"message":"[runtime-status] [18548] Resolved module firebase-admin {\"declared\":true,\"installed\":true,\"version\":\"9.5.0\",\"resolution\":\"C:\\\\Users\\\\emirh\\\\Documents\\\\Projects\\\\AmazonClone\\\\amazon-clone\\\\functions\\\\node_modules\\\\firebase-admin\\\\lib\\\\index.js\"}"}}
[debug] [2021-02-17T13:56:51.456Z] [runtime-status] [18548] Resolved module firebase-functions {"declared":true,"installed":true,"version":"3.13.1","resolution":"C:\\Users\\emirh\\Documents\\Projects\\AmazonClone\\amazon-clone\\functions\\node_modules\\firebase-functions\\lib\\index.js"} {"metadata":{"emulator":{"name":"functions"},"function":{"name":"api"},"message":"[runtime-status] [18548] Resolved module firebase-functions {\"declared\":true,\"installed\":true,\"version\":\"3.13.1\",\"resolution\":\"C:\\\\Users\\\\emirh\\\\Documents\\\\Projects\\\\AmazonClone\\\\amazon-clone\\\\functions\\\\node_modules\\\\firebase-functions\\\\lib\\\\index.js\"}"}}
[debug] [2021-02-17T13:56:51.456Z] [runtime-status] [18548] firebase-admin has been stubbed. {"adminResolution":{"declared":true,"installed":true,"version":"9.5.0","resolution":"C:\\Users\\emirh\\Documents\\Projects\\AmazonClone\\amazon-clone\\functions\\node_modules\\firebase-admin\\lib\\index.js"}} {"metadata":{"emulator":{"name":"functions"},"function":{"name":"api"},"message":"[runtime-status] [18548] firebase-admin has been stubbed. {\"adminResolution\":{\"declared\":true,\"installed\":true,\"version\":\"9.5.0\",\"resolution\":\"C:\\\\Users\\\\emirh\\\\Documents\\\\Projects\\\\AmazonClone\\\\amazon-clone\\\\functions\\\\node_modules\\\\firebase-admin\\\\lib\\\\index.js\"}}"}}
[debug] [2021-02-17T13:56:51.588Z] [runtime-status] [18548] Trigger "api" has been found, beginning invocation! {"metadata":{"emulator":{"name":"functions"},"function":{"name":"api"},"message":"[runtime-status] [18548] Trigger \"api\" has been found, beginning invocation!"}}
[info] i  functions: Beginning execution of "api" {"metadata":{"emulator":{"name":"functions"},"function":{"name":"api"},"message":"Beginning execution of \"api\""}}
[debug] [2021-02-17T13:56:51.589Z] [runtime-status] [18548] triggerDefinition {"httpsTrigger":{},"name":"api","entryPoint":"api"} {"metadata":{"emulator":{"name":"functions"},"function":{"name":"api"},"message":"[runtime-status] [18548] triggerDefinition {\"httpsTrigger\":{},\"name\":\"api\",\"entryPoint\":\"api\"}"}}
[debug] [2021-02-17T13:56:51.589Z] [runtime-status] [18548] Running api in mode HTTPS {"metadata":{"emulator":{"name":"functions"},"function":{"name":"api"},"message":"[runtime-status] [18548] Running api in mode HTTPS"}}
[debug] [2021-02-17T13:56:51.593Z] [runtime-status] [18548] Attempting to listen to socketPath: \\?\pipe\C:\Users\emirh\Documents\Projects\AmazonClone\amazon-clone\functions\18548 {"metadata":{"emulator":{"name":"functions"},"function":{"name":"api"},"message":"[runtime-status] [18548] Attempting to listen to socketPath: \\\\?\\pipe\\C:\\Users\\emirh\\Documents\\Projects\\AmazonClone\\amazon-clone\\functions\\18548"}}
[debug] [2021-02-17T13:56:51.596Z] [functions] Runtime ready! Sending request! {"metadata":{"emulator":{"name":"functions"},"message":"[functions] Runtime ready! Sending request!"}}
[debug] [2021-02-17T13:56:51.596Z] [functions] Got req.url=/clone-dfdc9/us-central1/api/payments/create?total=25096, mapping to path=/payments/create?total=25096 {"metadata":{"emulator":{"name":"functions"},"message":"[functions] Got req.url=/clone-dfdc9/us-central1/api/payments/create?total=25096, mapping to path=/payments/create?total=25096"}}
[debug] [2021-02-17T13:56:51.605Z] [runtime-status] [18548] Ephemeral server handling POST request {"metadata":{"emulator":{"name":"functions"},"function":{"name":"api"},"message":"[runtime-status] [18548] Ephemeral server handling POST request"}}
[info] >  ðŸš€ ~ file: index.js ~ line 16 ~ app.post ~ total 25096 {"user":"ðŸš€ ~ file: index.js ~ line 16 ~ app.post ~ total 25096","metadata":{"emulator":{"name":"functions"},"function":{"name":"api"},"message":"\u001b[90m> \u001b[39m ðŸš€ ~ file: index.js ~ line 16 ~ app.post ~ total 25096"}}
[debug] [2021-02-17T13:56:51.614Z] [runtime-status] [18548] Ephemeral server survived. {"metadata":{"emulator":{"name":"functions"},"function":{"name":"api"},"message":"[runtime-status] [18548] Ephemeral server survived."}}
[info] i  functions: Finished "api" in ~1s {"metadata":{"emulator":{"name":"functions"},"function":{"name":"api"},"message":"Finished \"api\" in ~1s"}}
[debug] [2021-02-17T13:56:52.233Z] [worker-api-2c9a5328-c416-40ee-9eab-36b712c6e851]: IDLE {"metadata":{"emulator":{"name":"functions"},"message":"[worker-api-2c9a5328-c416-40ee-9eab-36b712c6e851]: IDLE"}}
[debug] [2021-02-17T13:56:52.233Z] [work-queue] {"queueLength":0,"workRunningCount":0}
[debug] [2021-02-17T13:58:06.886Z] [work-queue] {"queueLength":1,"workRunningCount":0}
[debug] [2021-02-17T13:58:06.886Z] [work-queue] {"queueLength":0,"workRunningCount":1}
[debug] [2021-02-17T13:58:06.886Z] Accepted request POST /clone-dfdc9/us-central1/api/payments/create?total=25096 --> api
[debug] [2021-02-17T13:58:06.886Z] [worker-pool] submitWork(triggerId=api) {"metadata":{"emulator":{"name":"functions"},"message":"[worker-pool] submitWork(triggerId=api)"}}
[debug] [2021-02-17T13:58:06.886Z] [worker-api-2c9a5328-c416-40ee-9eab-36b712c6e851]: Assigning socketPath: \\?\pipe\C:\Users\emirh\Documents\Projects\AmazonClone\amazon-clone\functions\18548 {"metadata":{"emulator":{"name":"functions"},"message":"[worker-api-2c9a5328-c416-40ee-9eab-36b712c6e851]: Assigning socketPath: \\\\?\\pipe\\C:\\Users\\emirh\\Documents\\Projects\\AmazonClone\\amazon-clone\\functions\\18548"}}
[debug] [2021-02-17T13:58:06.886Z] [worker-api-2c9a5328-c416-40ee-9eab-36b712c6e851]: BUSY {"metadata":{"emulator":{"name":"functions"},"message":"[worker-api-2c9a5328-c416-40ee-9eab-36b712c6e851]: BUSY"}}
[debug] [2021-02-17T13:58:06.887Z] [runtime-status] [18548] Trigger "api" has been found, beginning invocation! {"metadata":{"emulator":{"name":"functions"},"function":{"name":"api"},"message":"[runtime-status] [18548] Trigger \"api\" has been found, beginning invocation!"}}
[info] i  functions: Beginning execution of "api" {"metadata":{"emulator":{"name":"functions"},"function":{"name":"api"},"message":"Beginning execution of \"api\""}}
[debug] [2021-02-17T13:58:06.888Z] [runtime-status] [18548] triggerDefinition {"httpsTrigger":{},"name":"api","entryPoint":"api"} {"metadata":{"emulator":{"name":"functions"},"function":{"name":"api"},"message":"[runtime-status] [18548] triggerDefinition {\"httpsTrigger\":{},\"name\":\"api\",\"entryPoint\":\"api\"}"}}
[debug] [2021-02-17T13:58:06.888Z] [runtime-status] [18548] Running api in mode HTTPS {"metadata":{"emulator":{"name":"functions"},"function":{"name":"api"},"message":"[runtime-status] [18548] Running api in mode HTTPS"}}
[debug] [2021-02-17T13:58:06.888Z] [runtime-status] [18548] Attempting to listen to socketPath: \\?\pipe\C:\Users\emirh\Documents\Projects\AmazonClone\amazon-clone\functions\18548 {"metadata":{"emulator":{"name":"functions"},"function":{"name":"api"},"message":"[runtime-status] [18548] Attempting to listen to socketPath: \\\\?\\pipe\\C:\\Users\\emirh\\Documents\\Projects\\AmazonClone\\amazon-clone\\functions\\18548"}}
[debug] [2021-02-17T13:58:06.889Z] [functions] Runtime ready! Sending request! {"metadata":{"emulator":{"name":"functions"},"message":"[functions] Runtime ready! Sending request!"}}
[debug] [2021-02-17T13:58:06.889Z] [functions] Got req.url=/clone-dfdc9/us-central1/api/payments/create?total=25096, mapping to path=/payments/create?total=25096 {"metadata":{"emulator":{"name":"functions"},"message":"[functions] Got req.url=/clone-dfdc9/us-central1/api/payments/create?total=25096, mapping to path=/payments/create?total=25096"}}
[debug] [2021-02-17T13:58:06.891Z] [runtime-status] [18548] Ephemeral server handling POST request {"metadata":{"emulator":{"name":"functions"},"function":{"name":"api"},"message":"[runtime-status] [18548] Ephemeral server handling POST request"}}
[info] >  ðŸš€ ~ file: index.js ~ line 16 ~ app.post ~ total 25096 {"user":"ðŸš€ ~ file: index.js ~ line 16 ~ app.post ~ total 25096","metadata":{"emulator":{"name":"functions"},"function":{"name":"api"},"message":"\u001b[90m> \u001b[39m ðŸš€ ~ file: index.js ~ line 16 ~ app.post ~ total 25096"}}
[debug] [2021-02-17T13:58:06.896Z] [runtime-status] [18548] Ephemeral server survived. {"metadata":{"emulator":{"name":"functions"},"function":{"name":"api"},"message":"[runtime-status] [18548] Ephemeral server survived."}}
[info] i  functions: Finished "api" in ~1s {"metadata":{"emulator":{"name":"functions"},"function":{"name":"api"},"message":"Finished \"api\" in ~1s"}}
[debug] [2021-02-17T13:58:07.274Z] [worker-api-2c9a5328-c416-40ee-9eab-36b712c6e851]: IDLE {"metadata":{"emulator":{"name":"functions"},"message":"[worker-api-2c9a5328-c416-40ee-9eab-36b712c6e851]: IDLE"}}
[debug] [2021-02-17T13:58:07.274Z] [work-queue] {"queueLength":0,"workRunningCount":0}
[debug] [2021-02-17T13:58:57.184Z] Received signal SIGHUP 1
